Compiling the C compiler identification source file "CMakeCCompilerId.c" failed.
Compiler: /Applications/Xcode.app/Contents/Developer/Toolchains/XcodeDefault.xctoolchain/usr/bin/cc 
Build flags: 
Id flags:  

The output was:
1
ld: library not found for -lSystem
clang: error: linker command failed with exit code 1 (use -v to see invocation)


Compiling the CXX compiler identification source file "CMakeCXXCompilerId.cpp" failed.
Compiler: /Applications/Xcode.app/Contents/Developer/Toolchains/XcodeDefault.xctoolchain/usr/bin/c++ 
Build flags: 
Id flags:  

The output was:
1
ld: library not found for -lc++
clang: error: linker command failed with exit code 1 (use -v to see invocation)


Compilation failed:
    source file: '/Users/lusterclaws/Desktop/mdig-agh-lang_c__exercises-8b07bfe7cc20/projekty/untitled/cmake-build-debug/CMakeFiles/CMakeTmp/src.cxx'
    check option: ''
===== BUILD LOG =====
Change Dir: /Users/lusterclaws/Desktop/mdig-agh-lang_c__exercises-8b07bfe7cc20/projekty/untitled/cmake-build-debug/CMakeFiles/CMakeTmp

Run Build Command(s):/Applications/CLion.app/Contents/bin/ninja/mac/ninja cmTC_90290 && [1/2] Building CXX object CMakeFiles/cmTC_90290.dir/src.cxx.o
[2/2] Linking CXX executable cmTC_90290
FAILED: cmTC_90290 
: && /Applications/Xcode.app/Contents/Developer/Toolchains/XcodeDefault.xctoolchain/usr/bin/c++ -g -arch arm64 -isysroot /Applications/Xcode.app/Contents/Developer/Platforms/MacOSX.platform/Developer/SDKs/MacOSX13.0.sdk -Wl,-search_paths_first -Wl,-headerpad_max_install_names -Wl,--as-needed CMakeFiles/cmTC_90290.dir/src.cxx.o -o cmTC_90290   && :
ld: unknown option: --as-needed
clang: error: linker command failed with exit code 1 (use -v to see invocation)
ninja: build stopped: subcommand failed.


===== END =====

Compilation failed:
    source file: '/Users/lusterclaws/Desktop/mdig-agh-lang_c__exercises-8b07bfe7cc20/projekty/untitled/cmake-build-debug/CMakeFiles/CMakeTmp/src.cxx'
    check option: ''
===== BUILD LOG =====
Change Dir: /Users/lusterclaws/Desktop/mdig-agh-lang_c__exercises-8b07bfe7cc20/projekty/untitled/cmake-build-debug/CMakeFiles/CMakeTmp

Run Build Command(s):/Applications/CLion.app/Contents/bin/ninja/mac/ninja cmTC_899f6 && [1/2] Building CXX object CMakeFiles/cmTC_899f6.dir/src.cxx.o
[2/2] Linking CXX executable cmTC_899f6
FAILED: cmTC_899f6 
: && /Applications/Xcode.app/Contents/Developer/Toolchains/XcodeDefault.xctoolchain/usr/bin/c++ -g -arch arm64 -isysroot /Applications/Xcode.app/Contents/Developer/Platforms/MacOSX.platform/Developer/SDKs/MacOSX13.0.sdk -Wl,-search_paths_first -Wl,-headerpad_max_install_names -Wl,--no-undefined CMakeFiles/cmTC_899f6.dir/src.cxx.o -o cmTC_899f6   && :
ld: unknown option: --no-undefined
clang: error: linker command failed with exit code 1 (use -v to see invocation)
ninja: build stopped: subcommand failed.


===== END =====

Determining if the include file malloc.h exists failed with the following output:
Change Dir: /Users/lusterclaws/Desktop/mdig-agh-lang_c__exercises-8b07bfe7cc20/projekty/untitled/cmake-build-debug/CMakeFiles/CMakeTmp

Run Build Command(s):/Applications/CLion.app/Contents/bin/ninja/mac/ninja cmTC_73a8b && [1/2] Building C object CMakeFiles/cmTC_73a8b.dir/CheckIncludeFile.c.o
FAILED: CMakeFiles/cmTC_73a8b.dir/CheckIncludeFile.c.o 
/Applications/Xcode.app/Contents/Developer/Toolchains/XcodeDefault.xctoolchain/usr/bin/cc   -fsigned-char -W -Wall -Wreturn-type -Wnon-virtual-dtor -Waddress -Wsequence-point -Wformat -Wformat-security -Wmissing-declarations -Wmissing-prototypes -Wstrict-prototypes -Wundef -Winit-self -Wpointer-arith -Wshadow -Wsign-promo -Wuninitialized -Wno-delete-non-virtual-dtor -Wno-unnamed-type-template-args -Wno-comment -fdiagnostics-show-option -Qunused-arguments -Wno-semicolon-before-method-body -ffunction-sections -fdata-sections    -fvisibility=hidden -fvisibility-inlines-hidden  -g  -O0 -DDEBUG -D_DEBUG -arch arm64 -isysroot /Applications/Xcode.app/Contents/Developer/Platforms/MacOSX.platform/Developer/SDKs/MacOSX13.0.sdk -fPIE -fcolor-diagnostics -MD -MT CMakeFiles/cmTC_73a8b.dir/CheckIncludeFile.c.o -MF CMakeFiles/cmTC_73a8b.dir/CheckIncludeFile.c.o.d -o CMakeFiles/cmTC_73a8b.dir/CheckIncludeFile.c.o -c /Users/lusterclaws/Desktop/mdig-agh-lang_c__exercises-8b07bfe7cc20/projekty/untitled/cmake-build-debug/CMakeFiles/CMakeTmp/CheckIncludeFile.c
/Users/lusterclaws/Desktop/mdig-agh-lang_c__exercises-8b07bfe7cc20/projekty/untitled/cmake-build-debug/CMakeFiles/CMakeTmp/CheckIncludeFile.c:1:10: fatal error: 'malloc.h' file not found
#include <malloc.h>
         ^~~~~~~~~~
1 error generated.
ninja: build stopped: subcommand failed.



Determining size of off64_t failed with the following output:
Change Dir: /Users/lusterclaws/Desktop/mdig-agh-lang_c__exercises-8b07bfe7cc20/projekty/untitled/cmake-build-debug/CMakeFiles/CMakeTmp

Run Build Command(s):/Applications/CLion.app/Contents/bin/ninja/mac/ninja cmTC_c6d0e && [1/2] Building C object CMakeFiles/cmTC_c6d0e.dir/OFF64_T.c.o
FAILED: CMakeFiles/cmTC_c6d0e.dir/OFF64_T.c.o 
/Applications/Xcode.app/Contents/Developer/Toolchains/XcodeDefault.xctoolchain/usr/bin/cc   -fsigned-char -W -Wall -Wreturn-type -Wnon-virtual-dtor -Waddress -Wsequence-point -Wformat -Wformat-security -Wmissing-declarations -Wmissing-prototypes -Wstrict-prototypes -Wundef -Winit-self -Wpointer-arith -Wshadow -Wsign-promo -Wuninitialized -Wno-delete-non-virtual-dtor -Wno-unnamed-type-template-args -Wno-comment -fdiagnostics-show-option -Qunused-arguments -Wno-semicolon-before-method-body -ffunction-sections -fdata-sections    -fvisibility=hidden -fvisibility-inlines-hidden  -g  -O0 -DDEBUG -D_DEBUG -arch arm64 -isysroot /Applications/Xcode.app/Contents/Developer/Platforms/MacOSX.platform/Developer/SDKs/MacOSX13.0.sdk -fPIE -fcolor-diagnostics -MD -MT CMakeFiles/cmTC_c6d0e.dir/OFF64_T.c.o -MF CMakeFiles/cmTC_c6d0e.dir/OFF64_T.c.o.d -o CMakeFiles/cmTC_c6d0e.dir/OFF64_T.c.o -c /Users/lusterclaws/Desktop/mdig-agh-lang_c__exercises-8b07bfe7cc20/projekty/untitled/cmake-build-debug/CMakeFiles/CheckTypeSize/OFF64_T.c
/Users/lusterclaws/Desktop/mdig-agh-lang_c__exercises-8b07bfe7cc20/projekty/untitled/cmake-build-debug/CMakeFiles/CheckTypeSize/OFF64_T.c:29:12: error: use of undeclared identifier 'off64_t'
  ('0' + ((SIZE / 10000)%10)),
           ^
/Users/lusterclaws/Desktop/mdig-agh-lang_c__exercises-8b07bfe7cc20/projekty/untitled/cmake-build-debug/CMakeFiles/CheckTypeSize/OFF64_T.c:27:22: note: expanded from macro 'SIZE'
#define SIZE (sizeof(off64_t))
                     ^
/Users/lusterclaws/Desktop/mdig-agh-lang_c__exercises-8b07bfe7cc20/projekty/untitled/cmake-build-debug/CMakeFiles/CheckTypeSize/OFF64_T.c:30:12: error: use of undeclared identifier 'off64_t'
  ('0' + ((SIZE / 1000)%10)),
           ^
/Users/lusterclaws/Desktop/mdig-agh-lang_c__exercises-8b07bfe7cc20/projekty/untitled/cmake-build-debug/CMakeFiles/CheckTypeSize/OFF64_T.c:27:22: note: expanded from macro 'SIZE'
#define SIZE (sizeof(off64_t))
                     ^
/Users/lusterclaws/Desktop/mdig-agh-lang_c__exercises-8b07bfe7cc20/projekty/untitled/cmake-build-debug/CMakeFiles/CheckTypeSize/OFF64_T.c:31:12: error: use of undeclared identifier 'off64_t'
  ('0' + ((SIZE / 100)%10)),
           ^
/Users/lusterclaws/Desktop/mdig-agh-lang_c__exercises-8b07bfe7cc20/projekty/untitled/cmake-build-debug/CMakeFiles/CheckTypeSize/OFF64_T.c:27:22: note: expanded from macro 'SIZE'
#define SIZE (sizeof(off64_t))
                     ^
/Users/lusterclaws/Desktop/mdig-agh-lang_c__exercises-8b07bfe7cc20/projekty/untitled/cmake-build-debug/CMakeFiles/CheckTypeSize/OFF64_T.c:32:12: error: use of undeclared identifier 'off64_t'
  ('0' + ((SIZE / 10)%10)),
           ^
/Users/lusterclaws/Desktop/mdig-agh-lang_c__exercises-8b07bfe7cc20/projekty/untitled/cmake-build-debug/CMakeFiles/CheckTypeSize/OFF64_T.c:27:22: note: expanded from macro 'SIZE'
#define SIZE (sizeof(off64_t))
                     ^
/Users/lusterclaws/Desktop/mdig-agh-lang_c__exercises-8b07bfe7cc20/projekty/untitled/cmake-build-debug/CMakeFiles/CheckTypeSize/OFF64_T.c:33:12: error: use of undeclared identifier 'off64_t'
  ('0' +  (SIZE    % 10)),
           ^
/Users/lusterclaws/Desktop/mdig-agh-lang_c__exercises-8b07bfe7cc20/projekty/untitled/cmake-build-debug/CMakeFiles/CheckTypeSize/OFF64_T.c:27:22: note: expanded from macro 'SIZE'
#define SIZE (sizeof(off64_t))
                     ^
5 errors generated.
ninja: build stopped: subcommand failed.


/Users/lusterclaws/Desktop/mdig-agh-lang_c__exercises-8b07bfe7cc20/projekty/untitled/cmake-build-debug/CMakeFiles/CheckTypeSize/OFF64_T.c:
#include <sys/types.h>
#include <stdint.h>
#include <stddef.h>


#undef KEY
#if defined(__i386)
# define KEY '_','_','i','3','8','6'
#elif defined(__x86_64)
# define KEY '_','_','x','8','6','_','6','4'
#elif defined(__PPC64__)
# define KEY '_','_','P','P','C','6','4','_','_'
#elif defined(__ppc64__)
# define KEY '_','_','p','p','c','6','4','_','_'
#elif defined(__PPC__)
# define KEY '_','_','P','P','C','_','_'
#elif defined(__ppc__)
# define KEY '_','_','p','p','c','_','_'
#elif defined(__aarch64__)
# define KEY '_','_','a','a','r','c','h','6','4','_','_'
#elif defined(__ARM_ARCH_7A__)
# define KEY '_','_','A','R','M','_','A','R','C','H','_','7','A','_','_'
#elif defined(__ARM_ARCH_7S__)
# define KEY '_','_','A','R','M','_','A','R','C','H','_','7','S','_','_'
#endif

#define SIZE (sizeof(off64_t))
static char info_size[] =  {'I', 'N', 'F', 'O', ':', 's','i','z','e','[',
  ('0' + ((SIZE / 10000)%10)),
  ('0' + ((SIZE / 1000)%10)),
  ('0' + ((SIZE / 100)%10)),
  ('0' + ((SIZE / 10)%10)),
  ('0' +  (SIZE    % 10)),
  ']',
#ifdef KEY
  ' ','k','e','y','[', KEY, ']',
#endif
  '\0'};

#ifdef __CLASSIC_C__
int main(argc, argv) int argc; char *argv[];
#else
int main(int argc, char *argv[])
#endif
{
  int require = 0;
  require += info_size[argc];
  (void)argv;
  return require;
}


Determining if the include file io.h exists failed with the following output:
Change Dir: /Users/lusterclaws/Desktop/mdig-agh-lang_c__exercises-8b07bfe7cc20/projekty/untitled/cmake-build-debug/CMakeFiles/CMakeTmp

Run Build Command(s):/Applications/CLion.app/Contents/bin/ninja/mac/ninja cmTC_cc090 && [1/2] Building C object CMakeFiles/cmTC_cc090.dir/CheckIncludeFile.c.o
FAILED: CMakeFiles/cmTC_cc090.dir/CheckIncludeFile.c.o 
/Applications/Xcode.app/Contents/Developer/Toolchains/XcodeDefault.xctoolchain/usr/bin/cc   -fsigned-char -W -Wall -Wreturn-type -Wnon-virtual-dtor -Waddress -Wsequence-point -Wformat -Wformat-security -Wmissing-declarations -Wmissing-prototypes -Wstrict-prototypes -Wundef -Winit-self -Wpointer-arith -Wshadow -Wsign-promo -Wuninitialized -Wno-delete-non-virtual-dtor -Wno-unnamed-type-template-args -Wno-comment -fdiagnostics-show-option -Qunused-arguments -Wno-semicolon-before-method-body -ffunction-sections -fdata-sections    -fvisibility=hidden -fvisibility-inlines-hidden  -g  -O0 -DDEBUG -D_DEBUG -arch arm64 -isysroot /Applications/Xcode.app/Contents/Developer/Platforms/MacOSX.platform/Developer/SDKs/MacOSX13.0.sdk -fPIE -fcolor-diagnostics -MD -MT CMakeFiles/cmTC_cc090.dir/CheckIncludeFile.c.o -MF CMakeFiles/cmTC_cc090.dir/CheckIncludeFile.c.o.d -o CMakeFiles/cmTC_cc090.dir/CheckIncludeFile.c.o -c /Users/lusterclaws/Desktop/mdig-agh-lang_c__exercises-8b07bfe7cc20/projekty/untitled/cmake-build-debug/CMakeFiles/CMakeTmp/CheckIncludeFile.c
/Users/lusterclaws/Desktop/mdig-agh-lang_c__exercises-8b07bfe7cc20/projekty/untitled/cmake-build-debug/CMakeFiles/CMakeTmp/CheckIncludeFile.c:1:10: fatal error: 'io.h' file not found
#include <io.h>
         ^~~~~~
1 error generated.
ninja: build stopped: subcommand failed.



Determining size of INT8 failed with the following output:
Change Dir: /Users/lusterclaws/Desktop/mdig-agh-lang_c__exercises-8b07bfe7cc20/projekty/untitled/cmake-build-debug/CMakeFiles/CMakeTmp

Run Build Command(s):/Applications/CLion.app/Contents/bin/ninja/mac/ninja cmTC_1301f && [1/2] Building C object CMakeFiles/cmTC_1301f.dir/int8.c.o
FAILED: CMakeFiles/cmTC_1301f.dir/int8.c.o 
/Applications/Xcode.app/Contents/Developer/Toolchains/XcodeDefault.xctoolchain/usr/bin/cc   -fsigned-char -W -Wall -Wreturn-type -Wnon-virtual-dtor -Waddress -Wsequence-point -Wformat -Wformat-security -Wmissing-declarations -Wmissing-prototypes -Wstrict-prototypes -Wundef -Winit-self -Wpointer-arith -Wshadow -Wsign-promo -Wuninitialized -Wno-delete-non-virtual-dtor -Wno-unnamed-type-template-args -Wno-comment -fdiagnostics-show-option -Qunused-arguments -Wno-semicolon-before-method-body -ffunction-sections -fdata-sections    -fvisibility=hidden -fvisibility-inlines-hidden  -g  -O0 -DDEBUG -D_DEBUG -arch arm64 -isysroot /Applications/Xcode.app/Contents/Developer/Platforms/MacOSX.platform/Developer/SDKs/MacOSX13.0.sdk -fPIE -fcolor-diagnostics -MD -MT CMakeFiles/cmTC_1301f.dir/int8.c.o -MF CMakeFiles/cmTC_1301f.dir/int8.c.o.d -o CMakeFiles/cmTC_1301f.dir/int8.c.o -c /Users/lusterclaws/Desktop/mdig-agh-lang_c__exercises-8b07bfe7cc20/projekty/untitled/cmake-build-debug/CMakeFiles/CheckTypeSize/int8.c
/Users/lusterclaws/Desktop/mdig-agh-lang_c__exercises-8b07bfe7cc20/projekty/untitled/cmake-build-debug/CMakeFiles/CheckTypeSize/int8.c:29:12: error: use of undeclared identifier 'INT8'
  ('0' + ((SIZE / 10000)%10)),
           ^
/Users/lusterclaws/Desktop/mdig-agh-lang_c__exercises-8b07bfe7cc20/projekty/untitled/cmake-build-debug/CMakeFiles/CheckTypeSize/int8.c:27:22: note: expanded from macro 'SIZE'
#define SIZE (sizeof(INT8))
                     ^
/Users/lusterclaws/Desktop/mdig-agh-lang_c__exercises-8b07bfe7cc20/projekty/untitled/cmake-build-debug/CMakeFiles/CheckTypeSize/int8.c:30:12: error: use of undeclared identifier 'INT8'
  ('0' + ((SIZE / 1000)%10)),
           ^
/Users/lusterclaws/Desktop/mdig-agh-lang_c__exercises-8b07bfe7cc20/projekty/untitled/cmake-build-debug/CMakeFiles/CheckTypeSize/int8.c:27:22: note: expanded from macro 'SIZE'
#define SIZE (sizeof(INT8))
                     ^
/Users/lusterclaws/Desktop/mdig-agh-lang_c__exercises-8b07bfe7cc20/projekty/untitled/cmake-build-debug/CMakeFiles/CheckTypeSize/int8.c:31:12: error: use of undeclared identifier 'INT8'
  ('0' + ((SIZE / 100)%10)),
           ^
/Users/lusterclaws/Desktop/mdig-agh-lang_c__exercises-8b07bfe7cc20/projekty/untitled/cmake-build-debug/CMakeFiles/CheckTypeSize/int8.c:27:22: note: expanded from macro 'SIZE'
#define SIZE (sizeof(INT8))
                     ^
/Users/lusterclaws/Desktop/mdig-agh-lang_c__exercises-8b07bfe7cc20/projekty/untitled/cmake-build-debug/CMakeFiles/CheckTypeSize/int8.c:32:12: error: use of undeclared identifier 'INT8'
  ('0' + ((SIZE / 10)%10)),
           ^
/Users/lusterclaws/Desktop/mdig-agh-lang_c__exercises-8b07bfe7cc20/projekty/untitled/cmake-build-debug/CMakeFiles/CheckTypeSize/int8.c:27:22: note: expanded from macro 'SIZE'
#define SIZE (sizeof(INT8))
                     ^
/Users/lusterclaws/Desktop/mdig-agh-lang_c__exercises-8b07bfe7cc20/projekty/untitled/cmake-build-debug/CMakeFiles/CheckTypeSize/int8.c:33:12: error: use of undeclared identifier 'INT8'
  ('0' +  (SIZE    % 10)),
           ^
/Users/lusterclaws/Desktop/mdig-agh-lang_c__exercises-8b07bfe7cc20/projekty/untitled/cmake-build-debug/CMakeFiles/CheckTypeSize/int8.c:27:22: note: expanded from macro 'SIZE'
#define SIZE (sizeof(INT8))
                     ^
5 errors generated.
ninja: build stopped: subcommand failed.


/Users/lusterclaws/Desktop/mdig-agh-lang_c__exercises-8b07bfe7cc20/projekty/untitled/cmake-build-debug/CMakeFiles/CheckTypeSize/int8.c:
#include <sys/types.h>
#include <stdint.h>
#include <stddef.h>


#undef KEY
#if defined(__i386)
# define KEY '_','_','i','3','8','6'
#elif defined(__x86_64)
# define KEY '_','_','x','8','6','_','6','4'
#elif defined(__PPC64__)
# define KEY '_','_','P','P','C','6','4','_','_'
#elif defined(__ppc64__)
# define KEY '_','_','p','p','c','6','4','_','_'
#elif defined(__PPC__)
# define KEY '_','_','P','P','C','_','_'
#elif defined(__ppc__)
# define KEY '_','_','p','p','c','_','_'
#elif defined(__aarch64__)
# define KEY '_','_','a','a','r','c','h','6','4','_','_'
#elif defined(__ARM_ARCH_7A__)
# define KEY '_','_','A','R','M','_','A','R','C','H','_','7','A','_','_'
#elif defined(__ARM_ARCH_7S__)
# define KEY '_','_','A','R','M','_','A','R','C','H','_','7','S','_','_'
#endif

#define SIZE (sizeof(INT8))
static char info_size[] =  {'I', 'N', 'F', 'O', ':', 's','i','z','e','[',
  ('0' + ((SIZE / 10000)%10)),
  ('0' + ((SIZE / 1000)%10)),
  ('0' + ((SIZE / 100)%10)),
  ('0' + ((SIZE / 10)%10)),
  ('0' +  (SIZE    % 10)),
  ']',
#ifdef KEY
  ' ','k','e','y','[', KEY, ']',
#endif
  '\0'};

#ifdef __CLASSIC_C__
int main(argc, argv) int argc; char *argv[];
#else
int main(int argc, char *argv[])
#endif
{
  int require = 0;
  require += info_size[argc];
  (void)argv;
  return require;
}


Determining size of INT16 failed with the following output:
Change Dir: /Users/lusterclaws/Desktop/mdig-agh-lang_c__exercises-8b07bfe7cc20/projekty/untitled/cmake-build-debug/CMakeFiles/CMakeTmp

Run Build Command(s):/Applications/CLion.app/Contents/bin/ninja/mac/ninja cmTC_8b415 && [1/2] Building C object CMakeFiles/cmTC_8b415.dir/int16.c.o
FAILED: CMakeFiles/cmTC_8b415.dir/int16.c.o 
/Applications/Xcode.app/Contents/Developer/Toolchains/XcodeDefault.xctoolchain/usr/bin/cc   -fsigned-char -W -Wall -Wreturn-type -Wnon-virtual-dtor -Waddress -Wsequence-point -Wformat -Wformat-security -Wmissing-declarations -Wmissing-prototypes -Wstrict-prototypes -Wundef -Winit-self -Wpointer-arith -Wshadow -Wsign-promo -Wuninitialized -Wno-delete-non-virtual-dtor -Wno-unnamed-type-template-args -Wno-comment -fdiagnostics-show-option -Qunused-arguments -Wno-semicolon-before-method-body -ffunction-sections -fdata-sections    -fvisibility=hidden -fvisibility-inlines-hidden  -g  -O0 -DDEBUG -D_DEBUG -arch arm64 -isysroot /Applications/Xcode.app/Contents/Developer/Platforms/MacOSX.platform/Developer/SDKs/MacOSX13.0.sdk -fPIE -fcolor-diagnostics -MD -MT CMakeFiles/cmTC_8b415.dir/int16.c.o -MF CMakeFiles/cmTC_8b415.dir/int16.c.o.d -o CMakeFiles/cmTC_8b415.dir/int16.c.o -c /Users/lusterclaws/Desktop/mdig-agh-lang_c__exercises-8b07bfe7cc20/projekty/untitled/cmake-build-debug/CMakeFiles/CheckTypeSize/int16.c
/Users/lusterclaws/Desktop/mdig-agh-lang_c__exercises-8b07bfe7cc20/projekty/untitled/cmake-build-debug/CMakeFiles/CheckTypeSize/int16.c:29:12: error: use of undeclared identifier 'INT16'
  ('0' + ((SIZE / 10000)%10)),
           ^
/Users/lusterclaws/Desktop/mdig-agh-lang_c__exercises-8b07bfe7cc20/projekty/untitled/cmake-build-debug/CMakeFiles/CheckTypeSize/int16.c:27:22: note: expanded from macro 'SIZE'
#define SIZE (sizeof(INT16))
                     ^
/Users/lusterclaws/Desktop/mdig-agh-lang_c__exercises-8b07bfe7cc20/projekty/untitled/cmake-build-debug/CMakeFiles/CheckTypeSize/int16.c:30:12: error: use of undeclared identifier 'INT16'
  ('0' + ((SIZE / 1000)%10)),
           ^
/Users/lusterclaws/Desktop/mdig-agh-lang_c__exercises-8b07bfe7cc20/projekty/untitled/cmake-build-debug/CMakeFiles/CheckTypeSize/int16.c:27:22: note: expanded from macro 'SIZE'
#define SIZE (sizeof(INT16))
                     ^
/Users/lusterclaws/Desktop/mdig-agh-lang_c__exercises-8b07bfe7cc20/projekty/untitled/cmake-build-debug/CMakeFiles/CheckTypeSize/int16.c:31:12: error: use of undeclared identifier 'INT16'
  ('0' + ((SIZE / 100)%10)),
           ^
/Users/lusterclaws/Desktop/mdig-agh-lang_c__exercises-8b07bfe7cc20/projekty/untitled/cmake-build-debug/CMakeFiles/CheckTypeSize/int16.c:27:22: note: expanded from macro 'SIZE'
#define SIZE (sizeof(INT16))
                     ^
/Users/lusterclaws/Desktop/mdig-agh-lang_c__exercises-8b07bfe7cc20/projekty/untitled/cmake-build-debug/CMakeFiles/CheckTypeSize/int16.c:32:12: error: use of undeclared identifier 'INT16'
  ('0' + ((SIZE / 10)%10)),
           ^
/Users/lusterclaws/Desktop/mdig-agh-lang_c__exercises-8b07bfe7cc20/projekty/untitled/cmake-build-debug/CMakeFiles/CheckTypeSize/int16.c:27:22: note: expanded from macro 'SIZE'
#define SIZE (sizeof(INT16))
                     ^
/Users/lusterclaws/Desktop/mdig-agh-lang_c__exercises-8b07bfe7cc20/projekty/untitled/cmake-build-debug/CMakeFiles/CheckTypeSize/int16.c:33:12: error: use of undeclared identifier 'INT16'
  ('0' +  (SIZE    % 10)),
           ^
/Users/lusterclaws/Desktop/mdig-agh-lang_c__exercises-8b07bfe7cc20/projekty/untitled/cmake-build-debug/CMakeFiles/CheckTypeSize/int16.c:27:22: note: expanded from macro 'SIZE'
#define SIZE (sizeof(INT16))
                     ^
5 errors generated.
ninja: build stopped: subcommand failed.


/Users/lusterclaws/Desktop/mdig-agh-lang_c__exercises-8b07bfe7cc20/projekty/untitled/cmake-build-debug/CMakeFiles/CheckTypeSize/int16.c:
#include <sys/types.h>
#include <stdint.h>
#include <stddef.h>


#undef KEY
#if defined(__i386)
# define KEY '_','_','i','3','8','6'
#elif defined(__x86_64)
# define KEY '_','_','x','8','6','_','6','4'
#elif defined(__PPC64__)
# define KEY '_','_','P','P','C','6','4','_','_'
#elif defined(__ppc64__)
# define KEY '_','_','p','p','c','6','4','_','_'
#elif defined(__PPC__)
# define KEY '_','_','P','P','C','_','_'
#elif defined(__ppc__)
# define KEY '_','_','p','p','c','_','_'
#elif defined(__aarch64__)
# define KEY '_','_','a','a','r','c','h','6','4','_','_'
#elif defined(__ARM_ARCH_7A__)
# define KEY '_','_','A','R','M','_','A','R','C','H','_','7','A','_','_'
#elif defined(__ARM_ARCH_7S__)
# define KEY '_','_','A','R','M','_','A','R','C','H','_','7','S','_','_'
#endif

#define SIZE (sizeof(INT16))
static char info_size[] =  {'I', 'N', 'F', 'O', ':', 's','i','z','e','[',
  ('0' + ((SIZE / 10000)%10)),
  ('0' + ((SIZE / 1000)%10)),
  ('0' + ((SIZE / 100)%10)),
  ('0' + ((SIZE / 10)%10)),
  ('0' +  (SIZE    % 10)),
  ']',
#ifdef KEY
  ' ','k','e','y','[', KEY, ']',
#endif
  '\0'};

#ifdef __CLASSIC_C__
int main(argc, argv) int argc; char *argv[];
#else
int main(int argc, char *argv[])
#endif
{
  int require = 0;
  require += info_size[argc];
  (void)argv;
  return require;
}


Determining size of INT32 failed with the following output:
Change Dir: /Users/lusterclaws/Desktop/mdig-agh-lang_c__exercises-8b07bfe7cc20/projekty/untitled/cmake-build-debug/CMakeFiles/CMakeTmp

Run Build Command(s):/Applications/CLion.app/Contents/bin/ninja/mac/ninja cmTC_82f84 && [1/2] Building C object CMakeFiles/cmTC_82f84.dir/int32.c.o
FAILED: CMakeFiles/cmTC_82f84.dir/int32.c.o 
/Applications/Xcode.app/Contents/Developer/Toolchains/XcodeDefault.xctoolchain/usr/bin/cc   -fsigned-char -W -Wall -Wreturn-type -Wnon-virtual-dtor -Waddress -Wsequence-point -Wformat -Wformat-security -Wmissing-declarations -Wmissing-prototypes -Wstrict-prototypes -Wundef -Winit-self -Wpointer-arith -Wshadow -Wsign-promo -Wuninitialized -Wno-delete-non-virtual-dtor -Wno-unnamed-type-template-args -Wno-comment -fdiagnostics-show-option -Qunused-arguments -Wno-semicolon-before-method-body -ffunction-sections -fdata-sections    -fvisibility=hidden -fvisibility-inlines-hidden  -g  -O0 -DDEBUG -D_DEBUG -arch arm64 -isysroot /Applications/Xcode.app/Contents/Developer/Platforms/MacOSX.platform/Developer/SDKs/MacOSX13.0.sdk -fPIE -fcolor-diagnostics -MD -MT CMakeFiles/cmTC_82f84.dir/int32.c.o -MF CMakeFiles/cmTC_82f84.dir/int32.c.o.d -o CMakeFiles/cmTC_82f84.dir/int32.c.o -c /Users/lusterclaws/Desktop/mdig-agh-lang_c__exercises-8b07bfe7cc20/projekty/untitled/cmake-build-debug/CMakeFiles/CheckTypeSize/int32.c
/Users/lusterclaws/Desktop/mdig-agh-lang_c__exercises-8b07bfe7cc20/projekty/untitled/cmake-build-debug/CMakeFiles/CheckTypeSize/int32.c:29:12: error: use of undeclared identifier 'INT32'
  ('0' + ((SIZE / 10000)%10)),
           ^
/Users/lusterclaws/Desktop/mdig-agh-lang_c__exercises-8b07bfe7cc20/projekty/untitled/cmake-build-debug/CMakeFiles/CheckTypeSize/int32.c:27:22: note: expanded from macro 'SIZE'
#define SIZE (sizeof(INT32))
                     ^
/Users/lusterclaws/Desktop/mdig-agh-lang_c__exercises-8b07bfe7cc20/projekty/untitled/cmake-build-debug/CMakeFiles/CheckTypeSize/int32.c:30:12: error: use of undeclared identifier 'INT32'
  ('0' + ((SIZE / 1000)%10)),
           ^
/Users/lusterclaws/Desktop/mdig-agh-lang_c__exercises-8b07bfe7cc20/projekty/untitled/cmake-build-debug/CMakeFiles/CheckTypeSize/int32.c:27:22: note: expanded from macro 'SIZE'
#define SIZE (sizeof(INT32))
                     ^
/Users/lusterclaws/Desktop/mdig-agh-lang_c__exercises-8b07bfe7cc20/projekty/untitled/cmake-build-debug/CMakeFiles/CheckTypeSize/int32.c:31:12: error: use of undeclared identifier 'INT32'
  ('0' + ((SIZE / 100)%10)),
           ^
/Users/lusterclaws/Desktop/mdig-agh-lang_c__exercises-8b07bfe7cc20/projekty/untitled/cmake-build-debug/CMakeFiles/CheckTypeSize/int32.c:27:22: note: expanded from macro 'SIZE'
#define SIZE (sizeof(INT32))
                     ^
/Users/lusterclaws/Desktop/mdig-agh-lang_c__exercises-8b07bfe7cc20/projekty/untitled/cmake-build-debug/CMakeFiles/CheckTypeSize/int32.c:32:12: error: use of undeclared identifier 'INT32'
  ('0' + ((SIZE / 10)%10)),
           ^
/Users/lusterclaws/Desktop/mdig-agh-lang_c__exercises-8b07bfe7cc20/projekty/untitled/cmake-build-debug/CMakeFiles/CheckTypeSize/int32.c:27:22: note: expanded from macro 'SIZE'
#define SIZE (sizeof(INT32))
                     ^
/Users/lusterclaws/Desktop/mdig-agh-lang_c__exercises-8b07bfe7cc20/projekty/untitled/cmake-build-debug/CMakeFiles/CheckTypeSize/int32.c:33:12: error: use of undeclared identifier 'INT32'
  ('0' +  (SIZE    % 10)),
           ^
/Users/lusterclaws/Desktop/mdig-agh-lang_c__exercises-8b07bfe7cc20/projekty/untitled/cmake-build-debug/CMakeFiles/CheckTypeSize/int32.c:27:22: note: expanded from macro 'SIZE'
#define SIZE (sizeof(INT32))
                     ^
5 errors generated.
ninja: build stopped: subcommand failed.


/Users/lusterclaws/Desktop/mdig-agh-lang_c__exercises-8b07bfe7cc20/projekty/untitled/cmake-build-debug/CMakeFiles/CheckTypeSize/int32.c:
#include <sys/types.h>
#include <stdint.h>
#include <stddef.h>


#undef KEY
#if defined(__i386)
# define KEY '_','_','i','3','8','6'
#elif defined(__x86_64)
# define KEY '_','_','x','8','6','_','6','4'
#elif defined(__PPC64__)
# define KEY '_','_','P','P','C','6','4','_','_'
#elif defined(__ppc64__)
# define KEY '_','_','p','p','c','6','4','_','_'
#elif defined(__PPC__)
# define KEY '_','_','P','P','C','_','_'
#elif defined(__ppc__)
# define KEY '_','_','p','p','c','_','_'
#elif defined(__aarch64__)
# define KEY '_','_','a','a','r','c','h','6','4','_','_'
#elif defined(__ARM_ARCH_7A__)
# define KEY '_','_','A','R','M','_','A','R','C','H','_','7','A','_','_'
#elif defined(__ARM_ARCH_7S__)
# define KEY '_','_','A','R','M','_','A','R','C','H','_','7','S','_','_'
#endif

#define SIZE (sizeof(INT32))
static char info_size[] =  {'I', 'N', 'F', 'O', ':', 's','i','z','e','[',
  ('0' + ((SIZE / 10000)%10)),
  ('0' + ((SIZE / 1000)%10)),
  ('0' + ((SIZE / 100)%10)),
  ('0' + ((SIZE / 10)%10)),
  ('0' +  (SIZE    % 10)),
  ']',
#ifdef KEY
  ' ','k','e','y','[', KEY, ']',
#endif
  '\0'};

#ifdef __CLASSIC_C__
int main(argc, argv) int argc; char *argv[];
#else
int main(int argc, char *argv[])
#endif
{
  int require = 0;
  require += info_size[argc];
  (void)argv;
  return require;
}


Build output check failed:
    Regex: 'unknown .*option'
    Output line: 'warning: unknown warning option '-Wno-maybe-uninitialized', did you mean '-Wno-uninitialized'? [-Wunknown-warning-option]'
Compilation failed:
    source file: '/Users/lusterclaws/Desktop/mdig-agh-lang_c__exercises-8b07bfe7cc20/projekty/untitled/cmake-build-debug/CMakeFiles/CMakeTmp/src.c'
    check option: ' -Wno-maybe-uninitialized'
===== BUILD LOG =====
Change Dir: /Users/lusterclaws/Desktop/mdig-agh-lang_c__exercises-8b07bfe7cc20/projekty/untitled/cmake-build-debug/CMakeFiles/CMakeTmp

Run Build Command(s):/Applications/CLion.app/Contents/bin/ninja/mac/ninja cmTC_4c316 && [1/2] Building C object CMakeFiles/cmTC_4c316.dir/src.c.o
warning: unknown warning option '-Wno-maybe-uninitialized'; did you mean '-Wno-uninitialized'? [-Wunknown-warning-option]
/Users/lusterclaws/Desktop/mdig-agh-lang_c__exercises-8b07bfe7cc20/projekty/untitled/cmake-build-debug/CMakeFiles/CMakeTmp/src.c:1:8: warning: unknown pragma ignored [-Wunknown-pragmas]
#pragma
       ^
2 warnings generated.
[2/2] Linking C executable cmTC_4c316


===== END =====

Build output check failed:
    Regex: 'unknown .*option'
    Output line: 'warning: unknown warning option '-Wno-array-parameter', did you mean '-Wno-unused-parameter'? [-Wunknown-warning-option]'
Compilation failed:
    source file: '/Users/lusterclaws/Desktop/mdig-agh-lang_c__exercises-8b07bfe7cc20/projekty/untitled/cmake-build-debug/CMakeFiles/CMakeTmp/src.c'
    check option: ' -Wno-array-parameter'
===== BUILD LOG =====
Change Dir: /Users/lusterclaws/Desktop/mdig-agh-lang_c__exercises-8b07bfe7cc20/projekty/untitled/cmake-build-debug/CMakeFiles/CMakeTmp

Run Build Command(s):/Applications/CLion.app/Contents/bin/ninja/mac/ninja cmTC_fb6b6 && [1/2] Building C object CMakeFiles/cmTC_fb6b6.dir/src.c.o
warning: unknown warning option '-Wno-array-parameter'; did you mean '-Wno-unused-parameter'? [-Wunknown-warning-option]
/Users/lusterclaws/Desktop/mdig-agh-lang_c__exercises-8b07bfe7cc20/projekty/untitled/cmake-build-debug/CMakeFiles/CMakeTmp/src.c:1:8: warning: unknown pragma ignored [-Wunknown-pragmas]
#pragma
       ^
2 warnings generated.
[2/2] Linking C executable cmTC_fb6b6


===== END =====

Determining if files malloc.h exist failed with the following output:
Change Dir: /Users/lusterclaws/Desktop/mdig-agh-lang_c__exercises-8b07bfe7cc20/projekty/untitled/cmake-build-debug/CMakeFiles/CMakeTmp

Run Build Command(s):/Applications/CLion.app/Contents/bin/ninja/mac/ninja cmTC_4b5c4 && [1/2] Building C object CMakeFiles/cmTC_4b5c4.dir/OPJ_HAVE_MALLOC_H.c.o
FAILED: CMakeFiles/cmTC_4b5c4.dir/OPJ_HAVE_MALLOC_H.c.o 
/Applications/Xcode.app/Contents/Developer/Toolchains/XcodeDefault.xctoolchain/usr/bin/cc   -fsigned-char -W -Wall -Wreturn-type -Wnon-virtual-dtor -Waddress -Wsequence-point -Wformat -Wformat-security -Wmissing-declarations -Wmissing-prototypes -Wstrict-prototypes -Wundef -Winit-self -Wpointer-arith -Wshadow -Wsign-promo -Wuninitialized -Wno-delete-non-virtual-dtor -Wno-unnamed-type-template-args -Wno-comment -fdiagnostics-show-option -Qunused-arguments -Wno-semicolon-before-method-body -ffunction-sections -fdata-sections    -fvisibility=hidden -fvisibility-inlines-hidden -Wno-implicit-const-int-float-conversion -Wno-unused-but-set-variable  -g  -O0 -DDEBUG -D_DEBUG -arch arm64 -isysroot /Applications/Xcode.app/Contents/Developer/Platforms/MacOSX.platform/Developer/SDKs/MacOSX13.0.sdk -fPIE -fcolor-diagnostics -MD -MT CMakeFiles/cmTC_4b5c4.dir/OPJ_HAVE_MALLOC_H.c.o -MF CMakeFiles/cmTC_4b5c4.dir/OPJ_HAVE_MALLOC_H.c.o.d -o CMakeFiles/cmTC_4b5c4.dir/OPJ_HAVE_MALLOC_H.c.o -c /Users/lusterclaws/Desktop/mdig-agh-lang_c__exercises-8b07bfe7cc20/projekty/untitled/cmake-build-debug/CMakeFiles/CheckIncludeFiles/OPJ_HAVE_MALLOC_H.c
/Users/lusterclaws/Desktop/mdig-agh-lang_c__exercises-8b07bfe7cc20/projekty/untitled/cmake-build-debug/CMakeFiles/CheckIncludeFiles/OPJ_HAVE_MALLOC_H.c:2:10: fatal error: 'malloc.h' file not found
#include <malloc.h>
         ^~~~~~~~~~
1 error generated.
ninja: build stopped: subcommand failed.


Source:
/* */
#include <malloc.h>


int main(void){return 0;}

Determining if the _aligned_malloc exist failed with the following output:
Change Dir: /Users/lusterclaws/Desktop/mdig-agh-lang_c__exercises-8b07bfe7cc20/projekty/untitled/cmake-build-debug/CMakeFiles/CMakeTmp

Run Build Command(s):/Applications/CLion.app/Contents/bin/ninja/mac/ninja cmTC_f5d74 && [1/2] Building C object CMakeFiles/cmTC_f5d74.dir/CheckSymbolExists.c.o
FAILED: CMakeFiles/cmTC_f5d74.dir/CheckSymbolExists.c.o 
/Applications/Xcode.app/Contents/Developer/Toolchains/XcodeDefault.xctoolchain/usr/bin/cc   -fsigned-char -W -Wall -Wreturn-type -Wnon-virtual-dtor -Waddress -Wsequence-point -Wformat -Wformat-security -Wmissing-declarations -Wmissing-prototypes -Wstrict-prototypes -Wundef -Winit-self -Wpointer-arith -Wshadow -Wsign-promo -Wuninitialized -Wno-delete-non-virtual-dtor -Wno-unnamed-type-template-args -Wno-comment -fdiagnostics-show-option -Qunused-arguments -Wno-semicolon-before-method-body -ffunction-sections -fdata-sections    -fvisibility=hidden -fvisibility-inlines-hidden -Wno-implicit-const-int-float-conversion -Wno-unused-but-set-variable  -g  -O0 -DDEBUG -D_DEBUG -arch arm64 -isysroot /Applications/Xcode.app/Contents/Developer/Platforms/MacOSX.platform/Developer/SDKs/MacOSX13.0.sdk -fPIE -fcolor-diagnostics -MD -MT CMakeFiles/cmTC_f5d74.dir/CheckSymbolExists.c.o -MF CMakeFiles/cmTC_f5d74.dir/CheckSymbolExists.c.o.d -o CMakeFiles/cmTC_f5d74.dir/CheckSymbolExists.c.o -c /Users/lusterclaws/Desktop/mdig-agh-lang_c__exercises-8b07bfe7cc20/projekty/untitled/cmake-build-debug/CMakeFiles/CMakeTmp/CheckSymbolExists.c
/Users/lusterclaws/Desktop/mdig-agh-lang_c__exercises-8b07bfe7cc20/projekty/untitled/cmake-build-debug/CMakeFiles/CMakeTmp/CheckSymbolExists.c:2:10: fatal error: 'malloc.h' file not found
#include <malloc.h>
         ^~~~~~~~~~
1 error generated.
ninja: build stopped: subcommand failed.


File /Users/lusterclaws/Desktop/mdig-agh-lang_c__exercises-8b07bfe7cc20/projekty/untitled/cmake-build-debug/CMakeFiles/CMakeTmp/CheckSymbolExists.c:
/* */
#include <malloc.h>

int main(int argc, char** argv)
{
  (void)argv;
#ifndef _aligned_malloc
  return ((int*)(&_aligned_malloc))[argc];
#else
  (void)argc;
  return 0;
#endif
}
Determining if the memalign exist failed with the following output:
Change Dir: /Users/lusterclaws/Desktop/mdig-agh-lang_c__exercises-8b07bfe7cc20/projekty/untitled/cmake-build-debug/CMakeFiles/CMakeTmp

Run Build Command(s):/Applications/CLion.app/Contents/bin/ninja/mac/ninja cmTC_b9443 && [1/2] Building C object CMakeFiles/cmTC_b9443.dir/CheckSymbolExists.c.o
FAILED: CMakeFiles/cmTC_b9443.dir/CheckSymbolExists.c.o 
/Applications/Xcode.app/Contents/Developer/Toolchains/XcodeDefault.xctoolchain/usr/bin/cc   -fsigned-char -W -Wall -Wreturn-type -Wnon-virtual-dtor -Waddress -Wsequence-point -Wformat -Wformat-security -Wmissing-declarations -Wmissing-prototypes -Wstrict-prototypes -Wundef -Winit-self -Wpointer-arith -Wshadow -Wsign-promo -Wuninitialized -Wno-delete-non-virtual-dtor -Wno-unnamed-type-template-args -Wno-comment -fdiagnostics-show-option -Qunused-arguments -Wno-semicolon-before-method-body -ffunction-sections -fdata-sections    -fvisibility=hidden -fvisibility-inlines-hidden -Wno-implicit-const-int-float-conversion -Wno-unused-but-set-variable  -g  -O0 -DDEBUG -D_DEBUG -arch arm64 -isysroot /Applications/Xcode.app/Contents/Developer/Platforms/MacOSX.platform/Developer/SDKs/MacOSX13.0.sdk -fPIE -fcolor-diagnostics -MD -MT CMakeFiles/cmTC_b9443.dir/CheckSymbolExists.c.o -MF CMakeFiles/cmTC_b9443.dir/CheckSymbolExists.c.o.d -o CMakeFiles/cmTC_b9443.dir/CheckSymbolExists.c.o -c /Users/lusterclaws/Desktop/mdig-agh-lang_c__exercises-8b07bfe7cc20/projekty/untitled/cmake-build-debug/CMakeFiles/CMakeTmp/CheckSymbolExists.c
/Users/lusterclaws/Desktop/mdig-agh-lang_c__exercises-8b07bfe7cc20/projekty/untitled/cmake-build-debug/CMakeFiles/CMakeTmp/CheckSymbolExists.c:2:10: fatal error: 'malloc.h' file not found
#include <malloc.h>
         ^~~~~~~~~~
1 error generated.
ninja: build stopped: subcommand failed.


File /Users/lusterclaws/Desktop/mdig-agh-lang_c__exercises-8b07bfe7cc20/projekty/untitled/cmake-build-debug/CMakeFiles/CMakeTmp/CheckSymbolExists.c:
/* */
#include <malloc.h>

int main(int argc, char** argv)
{
  (void)argv;
#ifndef memalign
  return ((int*)(&memalign))[argc];
#else
  (void)argc;
  return 0;
#endif
}
Determining if the function sgemm_ exists failed with the following output:
Change Dir: /Users/lusterclaws/Desktop/mdig-agh-lang_c__exercises-8b07bfe7cc20/projekty/untitled/cmake-build-debug/CMakeFiles/CMakeTmp

Run Build Command(s):/Applications/CLion.app/Contents/bin/ninja/mac/ninja cmTC_a0aa8 && [1/2] Building C object CMakeFiles/cmTC_a0aa8.dir/CheckFunctionExists.c.o
[2/2] Linking C executable cmTC_a0aa8
FAILED: cmTC_a0aa8 
: && /Applications/Xcode.app/Contents/Developer/Toolchains/XcodeDefault.xctoolchain/usr/bin/cc -fsigned-char -W -Wall -Wreturn-type -Wnon-virtual-dtor -Waddress -Wsequence-point -Wformat -Wformat-security -Wmissing-declarations -Wmissing-prototypes -Wstrict-prototypes -Wundef -Winit-self -Wpointer-arith -Wshadow -Wsign-promo -Wuninitialized -Wno-delete-non-virtual-dtor -Wno-unnamed-type-template-args -Wno-comment -fdiagnostics-show-option -Qunused-arguments -Wno-semicolon-before-method-body -ffunction-sections -fdata-sections    -fvisibility=hidden -fvisibility-inlines-hidden -DCHECK_FUNCTION_EXISTS=sgemm_ -g  -O0 -DDEBUG -D_DEBUG -arch arm64 -isysroot /Applications/Xcode.app/Contents/Developer/Platforms/MacOSX.platform/Developer/SDKs/MacOSX13.0.sdk -Wl,-search_paths_first -Wl,-headerpad_max_install_names -Wl,-dead_strip CMakeFiles/cmTC_a0aa8.dir/CheckFunctionExists.c.o -o cmTC_a0aa8   && :
Undefined symbols for architecture arm64:
  "_sgemm_", referenced from:
      _main in CheckFunctionExists.c.o
ld: symbol(s) not found for architecture arm64
clang: error: linker command failed with exit code 1 (use -v to see invocation)
ninja: build stopped: subcommand failed.



